{"/Users/aitana/Documents/Epicodus/Projects/galatic-age/src/js/planetage.js": {"path":"/Users/aitana/Documents/Epicodus/Projects/galatic-age/src/js/planetage.js","statementMap":{"0":{"start":{"line":3,"column":4},"end":{"line":3,"column":21}},"1":{"start":{"line":4,"column":4},"end":{"line":4,"column":19}},"2":{"start":{"line":5,"column":4},"end":{"line":5,"column":33}},"3":{"start":{"line":9,"column":4},"end":{"line":19,"column":5}},"4":{"start":{"line":10,"column":6},"end":{"line":10,"column":40}},"5":{"start":{"line":11,"column":11},"end":{"line":19,"column":5}},"6":{"start":{"line":12,"column":6},"end":{"line":12,"column":40}},"7":{"start":{"line":13,"column":11},"end":{"line":19,"column":5}},"8":{"start":{"line":14,"column":6},"end":{"line":14,"column":41}},"9":{"start":{"line":15,"column":11},"end":{"line":19,"column":5}},"10":{"start":{"line":16,"column":6},"end":{"line":16,"column":42}},"11":{"start":{"line":18,"column":6},"end":{"line":18,"column":15}},"12":{"start":{"line":23,"column":4},"end":{"line":33,"column":5}},"13":{"start":{"line":24,"column":6},"end":{"line":24,"column":47}},"14":{"start":{"line":25,"column":11},"end":{"line":33,"column":5}},"15":{"start":{"line":26,"column":6},"end":{"line":26,"column":47}},"16":{"start":{"line":27,"column":11},"end":{"line":33,"column":5}},"17":{"start":{"line":28,"column":6},"end":{"line":28,"column":48}},"18":{"start":{"line":29,"column":11},"end":{"line":33,"column":5}},"19":{"start":{"line":30,"column":6},"end":{"line":30,"column":49}},"20":{"start":{"line":32,"column":6},"end":{"line":32,"column":15}},"21":{"start":{"line":37,"column":4},"end":{"line":69,"column":5}},"22":{"start":{"line":38,"column":6},"end":{"line":48,"column":7}},"23":{"start":{"line":39,"column":8},"end":{"line":39,"column":74}},"24":{"start":{"line":40,"column":13},"end":{"line":48,"column":7}},"25":{"start":{"line":41,"column":8},"end":{"line":41,"column":70}},"26":{"start":{"line":42,"column":13},"end":{"line":48,"column":7}},"27":{"start":{"line":43,"column":8},"end":{"line":43,"column":68}},"28":{"start":{"line":44,"column":13},"end":{"line":48,"column":7}},"29":{"start":{"line":45,"column":8},"end":{"line":45,"column":74}},"30":{"start":{"line":47,"column":8},"end":{"line":47,"column":17}},"31":{"start":{"line":50,"column":6},"end":{"line":68,"column":7}},"32":{"start":{"line":51,"column":23},"end":{"line":51,"column":45}},"33":{"start":{"line":52,"column":23},"end":{"line":52,"column":56}},"34":{"start":{"line":53,"column":8},"end":{"line":53,"column":35}},"35":{"start":{"line":54,"column":13},"end":{"line":68,"column":7}},"36":{"start":{"line":55,"column":23},"end":{"line":55,"column":43}},"37":{"start":{"line":56,"column":23},"end":{"line":56,"column":54}},"38":{"start":{"line":57,"column":8},"end":{"line":57,"column":35}},"39":{"start":{"line":58,"column":13},"end":{"line":68,"column":7}},"40":{"start":{"line":59,"column":23},"end":{"line":59,"column":42}},"41":{"start":{"line":60,"column":23},"end":{"line":60,"column":53}},"42":{"start":{"line":61,"column":8},"end":{"line":61,"column":35}},"43":{"start":{"line":62,"column":13},"end":{"line":68,"column":7}},"44":{"start":{"line":63,"column":23},"end":{"line":63,"column":45}},"45":{"start":{"line":64,"column":23},"end":{"line":64,"column":56}},"46":{"start":{"line":65,"column":8},"end":{"line":65,"column":35}},"47":{"start":{"line":67,"column":8},"end":{"line":67,"column":17}}},"fnMap":{"0":{"name":"(anonymous_0)","decl":{"start":{"line":2,"column":2},"end":{"line":2,"column":3}},"loc":{"start":{"line":2,"column":37},"end":{"line":6,"column":3}},"line":2},"1":{"name":"(anonymous_1)","decl":{"start":{"line":8,"column":2},"end":{"line":8,"column":3}},"loc":{"start":{"line":8,"column":17},"end":{"line":20,"column":3}},"line":8},"2":{"name":"(anonymous_2)","decl":{"start":{"line":22,"column":2},"end":{"line":22,"column":3}},"loc":{"start":{"line":22,"column":28},"end":{"line":34,"column":3}},"line":22},"3":{"name":"(anonymous_3)","decl":{"start":{"line":36,"column":2},"end":{"line":36,"column":3}},"loc":{"start":{"line":36,"column":23},"end":{"line":70,"column":3}},"line":36}},"branchMap":{"0":{"loc":{"start":{"line":9,"column":4},"end":{"line":19,"column":5}},"type":"if","locations":[{"start":{"line":9,"column":4},"end":{"line":19,"column":5}},{"start":{"line":9,"column":4},"end":{"line":19,"column":5}}],"line":9},"1":{"loc":{"start":{"line":11,"column":11},"end":{"line":19,"column":5}},"type":"if","locations":[{"start":{"line":11,"column":11},"end":{"line":19,"column":5}},{"start":{"line":11,"column":11},"end":{"line":19,"column":5}}],"line":11},"2":{"loc":{"start":{"line":13,"column":11},"end":{"line":19,"column":5}},"type":"if","locations":[{"start":{"line":13,"column":11},"end":{"line":19,"column":5}},{"start":{"line":13,"column":11},"end":{"line":19,"column":5}}],"line":13},"3":{"loc":{"start":{"line":15,"column":11},"end":{"line":19,"column":5}},"type":"if","locations":[{"start":{"line":15,"column":11},"end":{"line":19,"column":5}},{"start":{"line":15,"column":11},"end":{"line":19,"column":5}}],"line":15},"4":{"loc":{"start":{"line":23,"column":4},"end":{"line":33,"column":5}},"type":"if","locations":[{"start":{"line":23,"column":4},"end":{"line":33,"column":5}},{"start":{"line":23,"column":4},"end":{"line":33,"column":5}}],"line":23},"5":{"loc":{"start":{"line":25,"column":11},"end":{"line":33,"column":5}},"type":"if","locations":[{"start":{"line":25,"column":11},"end":{"line":33,"column":5}},{"start":{"line":25,"column":11},"end":{"line":33,"column":5}}],"line":25},"6":{"loc":{"start":{"line":27,"column":11},"end":{"line":33,"column":5}},"type":"if","locations":[{"start":{"line":27,"column":11},"end":{"line":33,"column":5}},{"start":{"line":27,"column":11},"end":{"line":33,"column":5}}],"line":27},"7":{"loc":{"start":{"line":29,"column":11},"end":{"line":33,"column":5}},"type":"if","locations":[{"start":{"line":29,"column":11},"end":{"line":33,"column":5}},{"start":{"line":29,"column":11},"end":{"line":33,"column":5}}],"line":29},"8":{"loc":{"start":{"line":37,"column":4},"end":{"line":69,"column":5}},"type":"if","locations":[{"start":{"line":37,"column":4},"end":{"line":69,"column":5}},{"start":{"line":37,"column":4},"end":{"line":69,"column":5}}],"line":37},"9":{"loc":{"start":{"line":38,"column":6},"end":{"line":48,"column":7}},"type":"if","locations":[{"start":{"line":38,"column":6},"end":{"line":48,"column":7}},{"start":{"line":38,"column":6},"end":{"line":48,"column":7}}],"line":38},"10":{"loc":{"start":{"line":40,"column":13},"end":{"line":48,"column":7}},"type":"if","locations":[{"start":{"line":40,"column":13},"end":{"line":48,"column":7}},{"start":{"line":40,"column":13},"end":{"line":48,"column":7}}],"line":40},"11":{"loc":{"start":{"line":42,"column":13},"end":{"line":48,"column":7}},"type":"if","locations":[{"start":{"line":42,"column":13},"end":{"line":48,"column":7}},{"start":{"line":42,"column":13},"end":{"line":48,"column":7}}],"line":42},"12":{"loc":{"start":{"line":44,"column":13},"end":{"line":48,"column":7}},"type":"if","locations":[{"start":{"line":44,"column":13},"end":{"line":48,"column":7}},{"start":{"line":44,"column":13},"end":{"line":48,"column":7}}],"line":44},"13":{"loc":{"start":{"line":50,"column":6},"end":{"line":68,"column":7}},"type":"if","locations":[{"start":{"line":50,"column":6},"end":{"line":68,"column":7}},{"start":{"line":50,"column":6},"end":{"line":68,"column":7}}],"line":50},"14":{"loc":{"start":{"line":54,"column":13},"end":{"line":68,"column":7}},"type":"if","locations":[{"start":{"line":54,"column":13},"end":{"line":68,"column":7}},{"start":{"line":54,"column":13},"end":{"line":68,"column":7}}],"line":54},"15":{"loc":{"start":{"line":58,"column":13},"end":{"line":68,"column":7}},"type":"if","locations":[{"start":{"line":58,"column":13},"end":{"line":68,"column":7}},{"start":{"line":58,"column":13},"end":{"line":68,"column":7}}],"line":58},"16":{"loc":{"start":{"line":62,"column":13},"end":{"line":68,"column":7}},"type":"if","locations":[{"start":{"line":62,"column":13},"end":{"line":68,"column":7}},{"start":{"line":62,"column":13},"end":{"line":68,"column":7}}],"line":62}},"s":{"0":38,"1":38,"2":38,"3":13,"4":3,"5":10,"6":3,"7":7,"8":3,"9":4,"10":3,"11":1,"12":13,"13":3,"14":10,"15":3,"16":7,"17":3,"18":4,"19":3,"20":1,"21":10,"22":5,"23":1,"24":4,"25":1,"26":3,"27":1,"28":2,"29":1,"30":1,"31":5,"32":1,"33":1,"34":1,"35":4,"36":1,"37":1,"38":1,"39":3,"40":1,"41":1,"42":1,"43":2,"44":1,"45":1,"46":1,"47":1},"f":{"0":38,"1":13,"2":13,"3":10},"b":{"0":[3,10],"1":[3,7],"2":[3,4],"3":[3,1],"4":[3,10],"5":[3,7],"6":[3,4],"7":[3,1],"8":[5,5],"9":[1,4],"10":[1,3],"11":[1,2],"12":[1,1],"13":[1,4],"14":[1,3],"15":[1,2],"16":[1,1]},"_coverageSchema":"43e27e138ebf9cfc5966b082cf9a028302ed4184","hash":"758d246e16c1e2a53eb74087ccad007dd55fd3ba"}
}
