TN:
SF:/Users/aitana/Documents/Epicodus/Projects/galatic-age/src/js/planetage.js
FN:2,(anonymous_0)
FN:8,(anonymous_1)
FN:22,(anonymous_2)
FN:36,(anonymous_3)
FNF:4
FNH:4
FNDA:38,(anonymous_0)
FNDA:13,(anonymous_1)
FNDA:13,(anonymous_2)
FNDA:10,(anonymous_3)
DA:3,38
DA:4,38
DA:5,38
DA:9,13
DA:10,3
DA:11,10
DA:12,3
DA:13,7
DA:14,3
DA:15,4
DA:16,3
DA:18,1
DA:23,13
DA:24,3
DA:25,10
DA:26,3
DA:27,7
DA:28,3
DA:29,4
DA:30,3
DA:32,1
DA:37,10
DA:38,5
DA:39,1
DA:40,4
DA:41,1
DA:42,3
DA:43,1
DA:44,2
DA:45,1
DA:47,1
DA:50,5
DA:51,1
DA:52,1
DA:53,1
DA:54,4
DA:55,1
DA:56,1
DA:57,1
DA:58,3
DA:59,1
DA:60,1
DA:61,1
DA:62,2
DA:63,1
DA:64,1
DA:65,1
DA:67,1
LF:48
LH:48
BRDA:9,0,0,3
BRDA:9,0,1,10
BRDA:11,1,0,3
BRDA:11,1,1,7
BRDA:13,2,0,3
BRDA:13,2,1,4
BRDA:15,3,0,3
BRDA:15,3,1,1
BRDA:23,4,0,3
BRDA:23,4,1,10
BRDA:25,5,0,3
BRDA:25,5,1,7
BRDA:27,6,0,3
BRDA:27,6,1,4
BRDA:29,7,0,3
BRDA:29,7,1,1
BRDA:37,8,0,5
BRDA:37,8,1,5
BRDA:38,9,0,1
BRDA:38,9,1,4
BRDA:40,10,0,1
BRDA:40,10,1,3
BRDA:42,11,0,1
BRDA:42,11,1,2
BRDA:44,12,0,1
BRDA:44,12,1,1
BRDA:50,13,0,1
BRDA:50,13,1,4
BRDA:54,14,0,1
BRDA:54,14,1,3
BRDA:58,15,0,1
BRDA:58,15,1,2
BRDA:62,16,0,1
BRDA:62,16,1,1
BRF:34
BRH:34
end_of_record
